platforms/tempPlugin/nativescript_imagecropper/build/intermediates/manifest_merge_blame_file/release/manifest-merger-blame-release-report.txt
1<?xml version="1.0" encoding="utf-8"?>
2<manifest xmlns:android="http://schemas.android.com/apk/res/android"
3    package="org.nativescript.nativescript_imagecropper"
4    android:versionCode="1"
5    android:versionName="1.0" >
6
7    <uses-sdk android:targetSdkVersion="26" />
7-->src/main/AndroidManifest.xml
8
9    <application>
9-->src/main/AndroidManifest.xml:3:3-5:17
10        <activity
10-->src/main/AndroidManifest.xml:4:5-101
11            android:name="com.yalantis.ucrop.UCropActivity"
11-->src/main/AndroidManifest.xml:4:15-62
12            android:screenOrientation="portrait" />
12-->src/main/AndroidManifest.xml:4:63-99
13    </application>
14
15</manifest>